<?xml version="1.0" encoding="UTF-8"?>
<testng-results ignored="0" total="1" passed="1" failed="0" skipped="0">
  <reporter-output>
  </reporter-output>
  <suite started-at="2022-06-28T11:44:44 IST" name="Default suite" finished-at="2022-06-28T11:44:50 IST" duration-ms="6328">
    <groups>
    </groups>
    <test started-at="2022-06-28T11:44:44 IST" name="Default test" finished-at="2022-06-28T11:44:50 IST" duration-ms="6328">
      <class name="tests.TC7_Learning">
        <test-method signature="issueCheckRequest()[pri:0, instance:tests.TC7_Learning@20ce78ec]" started-at="2022-06-28T11:44:44 IST" name="issueCheckRequest" finished-at="2022-06-28T11:44:50 IST" duration-ms="6176" status="PASS">
          <reporter-output>
          </reporter-output>
        </test-method> <!-- issueCheckRequest -->
      </class> <!-- tests.TC7_Learning -->
    </test> <!-- Default test -->
  </suite> <!-- Default suite -->
</testng-results>
